2019年 07月 01日 星期一 22:37:23 CST
====start make file:t1.py 
::END:: create t1.py
2019年 07月 01日 星期一 22:38:54 CST
By makePyfile.py::::start make file:t1.py 
END:::: create t1.py
2019年 07月 01日 星期一 22:48:33 CST
STR::::  make file:t1.py 
END:::: create t1.py
2019年 07月 01日 星期一 22:49:11 CST
STR:::: make file:t1.py 
END:::: create t1.py
2019年 07月 01日 星期一 22:50:18 CST
FROM:::: makePyFile.py 
STR:::: make file:t1.py 
END:::: create t1.py
2019年 07月 01日 星期一 22:50:38 CST
FROM::: makePyFile.py 
STR:::: make file:t1.py 
END:::: create t1.py
2019年 07月 01日 星期一 22:56:39 CST
FROM::: makePyFile.py 
STR:::: make file:Default.py 
END:::: create Default.py
2019年 07月 01日 星期一 22:57:14 CST
FROM::: makePyFile.py 
STR:::: make file:default.py 
END:::: create default.py
2019年 07月 01日 星期一 23:02:51 CST
FROM: cmd.py
2019年 07月 01日 星期一 23:03:16 CST
FROM: cmd.py
2019年 07月 01日 星期一 23:07:23 CST
FROM: cmd.py
COMMAND: ls
2019年 07月 01日 星期一 23:09:40 CST
FROM: cmd.py
COMMAND: ls
